[1.604s] Invoking command in '/home/mscrobotics2425laptop14/Desktop/project/team3/team3-project/build/package_with_interfaces': CMAKE_PREFIX_PATH=${CMAKE_PREFIX_PATH}:/home/mscrobotics2425laptop14/Desktop/project/team3/team3-project/install/robotic_arm:/home/mscrobotics2425laptop14/Desktop/project/team3/team3-project/install/nuc:/home/mscrobotics2425laptop14/Desktop/project/team3/team3-project/install/navigation:/home/mscrobotics2425laptop14/Desktop/project/team3/team3-project/install/map:/home/mscrobotics2425laptop14/Desktop/project/team3/team3-project/install/lidar:/home/mscrobotics2425laptop14/Desktop/project/team3/team3-project/install/leo_rover:/home/mscrobotics2425laptop14/Desktop/project/team3/team3-project/install/imu:/home/mscrobotics2425laptop14/Desktop/project/team3/team3-project/install/data_integration:/home/mscrobotics2425laptop14/Desktop/project/team3/team3-project/install/controller_server:/home/mscrobotics2425laptop14/Desktop/project/team3/team3-project/install/camera:/opt/ros/humble CONDA_PROMPT_MODIFIER=(ros2) /usr/bin/cmake /home/mscrobotics2425laptop14/Desktop/project/team3/team3-project/src/package_with_interfaces -DCMAKE_INSTALL_PREFIX=/home/mscrobotics2425laptop14/Desktop/project/team3/team3-project/install/package_with_interfaces
[1.613s] -- Found ament_cmake: 1.3.10 (/opt/ros/humble/share/ament_cmake/cmake)
[1.727s] -- Found geometry_msgs: 4.2.4 (/opt/ros/humble/share/geometry_msgs/cmake)
[1.753s] -- Found rosidl_generator_c: 3.1.5 (/opt/ros/humble/share/rosidl_generator_c/cmake)
[1.756s] -- Found rosidl_adapter: 3.1.5 (/opt/ros/humble/share/rosidl_adapter/cmake)
[1.762s] -- Found rosidl_generator_cpp: 3.1.5 (/opt/ros/humble/share/rosidl_generator_cpp/cmake)
[1.772s] -- Using all available rosidl_typesupport_c: rosidl_typesupport_fastrtps_c;rosidl_typesupport_introspection_c
[1.782s] -- Using all available rosidl_typesupport_cpp: rosidl_typesupport_fastrtps_cpp;rosidl_typesupport_introspection_cpp
[1.815s] -- Found rosidl_default_generators: 1.2.0 (/opt/ros/humble/share/rosidl_default_generators/cmake)
[2.001s] -- Configuring incomplete, errors occurred!
[2.001s] See also "/home/mscrobotics2425laptop14/Desktop/project/team3/team3-project/build/package_with_interfaces/CMakeFiles/CMakeOutput.log".
[2.002s] [31mCMake Error at /opt/ros/humble/share/rosidl_adapter/cmake/rosidl_adapt_interfaces.cmake:59 (message):
[2.002s]   
[2.002s]   execute_process(/home/mscrobotics2425laptop14/miniconda3/envs/ros2/bin/python3
[2.002s]   -m rosidl_adapter --package-name package_with_interfaces --arguments-file
[2.002s]   /home/mscrobotics2425laptop14/Desktop/project/team3/team3-project/build/package_with_interfaces/rosidl_adapter__arguments__package_with_interfaces.json
[2.002s]   --output-dir
[2.002s]   /home/mscrobotics2425laptop14/Desktop/project/team3/team3-project/build/package_with_interfaces/rosidl_adapter/package_with_interfaces
[2.003s]   --output-file
[2.003s]   /home/mscrobotics2425laptop14/Desktop/project/team3/team3-project/build/package_with_interfaces/rosidl_adapter/package_with_interfaces.idls)
[2.003s]   returned error code 1:
[2.003s] 
[2.003s]   AttributeError processing template 'msg.idl.em'
[2.003s] 
[2.003s]   Traceback (most recent call last):
[2.003s] 
[2.004s]     File "/opt/ros/humble/local/lib/python3.10/dist-packages/rosidl_adapter/resource/__init__.py", line 51, in evaluate_template
[2.004s]       em.BUFFERED_OPT: True,
[2.004s] 
[2.004s]   AttributeError: module 'em' has no attribute 'BUFFERED_OPT'
[2.004s] 
[2.004s]   
[2.004s] 
[2.004s]   During handling of the above exception, another exception occurred:
[2.005s] 
[2.005s]   
[2.005s] 
[2.005s]   Traceback (most recent call last):
[2.005s] 
[2.005s]     File "/home/mscrobotics2425laptop14/miniconda3/envs/ros2/lib/python3.10/runpy.py", line 196, in _run_module_as_main
[2.005s]       return _run_code(code, main_globals, None,
[2.005s]     File "/home/mscrobotics2425laptop14/miniconda3/envs/ros2/lib/python3.10/runpy.py", line 86, in _run_code
[2.006s]       exec(code, run_globals)
[2.006s]     File "/opt/ros/humble/local/lib/python3.10/dist-packages/rosidl_adapter/__main__.py", line 19, in <module>
[2.006s]       sys.exit(main())
[2.006s]     File "/opt/ros/humble/local/lib/python3.10/dist-packages/rosidl_adapter/main.py", line 53, in main
[2.010s]       abs_idl_file = convert_to_idl(
[2.010s]     File "/opt/ros/humble/local/lib/python3.10/dist-packages/rosidl_adapter/__init__.py", line 19, in convert_to_idl
[2.010s]       return convert_msg_to_idl(
[2.010s]     File "/opt/ros/humble/local/lib/python3.10/dist-packages/rosidl_adapter/msg/__init__.py", line 39, in convert_msg_to_idl
[2.010s]       expand_template('msg.idl.em', data, output_file, encoding='iso-8859-1')
[2.011s]     File "/opt/ros/humble/local/lib/python3.10/dist-packages/rosidl_adapter/resource/__init__.py", line 23, in expand_template
[2.011s]       content = evaluate_template(template_name, data)
[2.011s]     File "/opt/ros/humble/local/lib/python3.10/dist-packages/rosidl_adapter/resource/__init__.py", line 69, in evaluate_template
[2.011s]       _interpreter.shutdown()
[2.011s] 
[2.011s]   AttributeError: 'NoneType' object has no attribute 'shutdown'
[2.011s] 
[2.011s] Call Stack (most recent call first):
[2.012s]   /opt/ros/humble/share/rosidl_cmake/cmake/rosidl_generate_interfaces.cmake:130 (rosidl_adapt_interfaces)
[2.012s]   CMakeLists.txt:21 (rosidl_generate_interfaces)
[2.013s] 
[2.014s] [0m
[2.015s] Invoked command in '/home/mscrobotics2425laptop14/Desktop/project/team3/team3-project/build/package_with_interfaces' returned '1': CMAKE_PREFIX_PATH=${CMAKE_PREFIX_PATH}:/home/mscrobotics2425laptop14/Desktop/project/team3/team3-project/install/robotic_arm:/home/mscrobotics2425laptop14/Desktop/project/team3/team3-project/install/nuc:/home/mscrobotics2425laptop14/Desktop/project/team3/team3-project/install/navigation:/home/mscrobotics2425laptop14/Desktop/project/team3/team3-project/install/map:/home/mscrobotics2425laptop14/Desktop/project/team3/team3-project/install/lidar:/home/mscrobotics2425laptop14/Desktop/project/team3/team3-project/install/leo_rover:/home/mscrobotics2425laptop14/Desktop/project/team3/team3-project/install/imu:/home/mscrobotics2425laptop14/Desktop/project/team3/team3-project/install/data_integration:/home/mscrobotics2425laptop14/Desktop/project/team3/team3-project/install/controller_server:/home/mscrobotics2425laptop14/Desktop/project/team3/team3-project/install/camera:/opt/ros/humble CONDA_PROMPT_MODIFIER=(ros2) /usr/bin/cmake /home/mscrobotics2425laptop14/Desktop/project/team3/team3-project/src/package_with_interfaces -DCMAKE_INSTALL_PREFIX=/home/mscrobotics2425laptop14/Desktop/project/team3/team3-project/install/package_with_interfaces
