[1.570s] Invoking command in '/home/mscrobotics2425laptop14/Desktop/project/team3/team3-project/build/package_with_interfaces': CMAKE_PREFIX_PATH=${CMAKE_PREFIX_PATH}:/home/mscrobotics2425laptop14/Desktop/project/team3/team3-project/install/robotic_arm:/home/mscrobotics2425laptop14/Desktop/project/team3/team3-project/install/nuc:/home/mscrobotics2425laptop14/Desktop/project/team3/team3-project/install/navigation:/home/mscrobotics2425laptop14/Desktop/project/team3/team3-project/install/map:/home/mscrobotics2425laptop14/Desktop/project/team3/team3-project/install/lidar:/home/mscrobotics2425laptop14/Desktop/project/team3/team3-project/install/leo_rover:/home/mscrobotics2425laptop14/Desktop/project/team3/team3-project/install/imu:/home/mscrobotics2425laptop14/Desktop/project/team3/team3-project/install/data_integration:/home/mscrobotics2425laptop14/Desktop/project/team3/team3-project/install/controller_server:/home/mscrobotics2425laptop14/Desktop/project/team3/team3-project/install/camera:/opt/ros/humble CONDA_PROMPT_MODIFIER=(ros2) /usr/bin/cmake /home/mscrobotics2425laptop14/Desktop/project/team3/team3-project/src/package_with_interfaces -DCMAKE_INSTALL_PREFIX=/home/mscrobotics2425laptop14/Desktop/project/team3/team3-project/install/package_with_interfaces
[1.579s] -- Found ament_cmake: 1.3.10 (/opt/ros/humble/share/ament_cmake/cmake)
[1.685s] -- Found geometry_msgs: 4.2.4 (/opt/ros/humble/share/geometry_msgs/cmake)
[1.702s] -- Found rosidl_generator_c: 3.1.5 (/opt/ros/humble/share/rosidl_generator_c/cmake)
[1.704s] -- Found rosidl_adapter: 3.1.5 (/opt/ros/humble/share/rosidl_adapter/cmake)
[1.711s] -- Found rosidl_generator_cpp: 3.1.5 (/opt/ros/humble/share/rosidl_generator_cpp/cmake)
[1.721s] -- Using all available rosidl_typesupport_c: rosidl_typesupport_fastrtps_c;rosidl_typesupport_introspection_c
[1.730s] -- Using all available rosidl_typesupport_cpp: rosidl_typesupport_fastrtps_cpp;rosidl_typesupport_introspection_cpp
[1.755s] -- Found rosidl_default_generators: 1.2.0 (/opt/ros/humble/share/rosidl_default_generators/cmake)
[2.383s] -- Found ament_cmake_ros: 0.10.0 (/opt/ros/humble/share/ament_cmake_ros/cmake)
[3.368s] -- Using all available rosidl_typesupport_c: rosidl_typesupport_fastrtps_c;rosidl_typesupport_introspection_c
[3.584s] -- Using all available rosidl_typesupport_cpp: rosidl_typesupport_fastrtps_cpp;rosidl_typesupport_introspection_cpp
[3.610s] -- Found PythonInterp: /home/mscrobotics2425laptop14/miniconda3/envs/ros2/bin/python3 (found suitable version "3.10.16", minimum required is "3.6") 
[3.612s] -- Found python_cmake_module: 0.10.0 (/opt/ros/humble/share/python_cmake_module/cmake)
[3.632s] -- Found PythonLibs: /home/mscrobotics2425laptop14/miniconda3/envs/ros2/lib/libpython3.10.so (found suitable version "3.10.16", minimum required is "3.5") 
[3.632s] -- Using PYTHON_EXECUTABLE: /home/mscrobotics2425laptop14/miniconda3/envs/ros2/bin/python3
[3.632s] -- Using PYTHON_INCLUDE_DIRS: /home/mscrobotics2425laptop14/miniconda3/envs/ros2/include/python3.10
[3.632s] -- Using PYTHON_LIBRARIES: /home/mscrobotics2425laptop14/miniconda3/envs/ros2/lib/libpython3.10.so
[3.650s] -- Found PythonExtra: .so  
[3.892s] -- Using numpy include directory: /home/mscrobotics2425laptop14/.local/lib/python3.10/site-packages/numpy/core/include
[3.908s] -- Found ament_lint_auto: 0.12.11 (/opt/ros/humble/share/ament_lint_auto/cmake)
[3.948s] -- Added test 'lint_cmake' to check CMake code style
[3.950s] -- Added test 'xmllint' to check XML markup files
[3.954s] -- Configuring done
[3.978s] [33mCMake Warning at /opt/ros/humble/share/rosidl_generator_py/cmake/rosidl_generator_py_generate_interfaces.cmake:166 (add_library):
[3.978s]   Cannot generate a safe runtime search path for target
[3.978s]   package_with_interfaces__rosidl_generator_py because files in some
[3.978s]   directories may conflict with libraries in implicit directories:
[3.978s] 
[3.978s]     runtime library [libpython3.10.so.1.0] in /usr/lib/x86_64-linux-gnu may be hidden by files in:
[3.978s]       /home/mscrobotics2425laptop14/miniconda3/envs/ros2/lib
[3.978s] 
[3.978s]   Some of these libraries may not be found correctly.
[3.978s] Call Stack (most recent call first):
[3.978s]   /opt/ros/humble/share/ament_cmake_core/cmake/core/ament_execute_extensions.cmake:48 (include)
[3.979s]   /opt/ros/humble/share/rosidl_cmake/cmake/rosidl_generate_interfaces.cmake:286 (ament_execute_extensions)
[3.979s]   CMakeLists.txt:21 (rosidl_generate_interfaces)
[3.979s] 
[3.979s] [0m
[3.979s] [33mCMake Warning at /opt/ros/humble/share/rosidl_generator_py/cmake/rosidl_generator_py_generate_interfaces.cmake:226 (add_library):
[3.979s]   Cannot generate a safe runtime search path for target
[3.979s]   package_with_interfaces__rosidl_typesupport_fastrtps_c__pyext because files
[3.980s]   in some directories may conflict with libraries in implicit directories:
[3.980s] 
[3.980s]     runtime library [libpython3.10.so.1.0] in /usr/lib/x86_64-linux-gnu may be hidden by files in:
[3.980s]       /home/mscrobotics2425laptop14/miniconda3/envs/ros2/lib
[3.980s] 
[3.980s]   Some of these libraries may not be found correctly.
[3.980s] Call Stack (most recent call first):
[3.980s]   /opt/ros/humble/share/ament_cmake_core/cmake/core/ament_execute_extensions.cmake:48 (include)
[3.980s]   /opt/ros/humble/share/rosidl_cmake/cmake/rosidl_generate_interfaces.cmake:286 (ament_execute_extensions)
[3.980s]   CMakeLists.txt:21 (rosidl_generate_interfaces)
[3.980s] 
[3.980s] [0m
[3.982s] [33mCMake Warning at /opt/ros/humble/share/rosidl_generator_py/cmake/rosidl_generator_py_generate_interfaces.cmake:226 (add_library):
[3.982s]   Cannot generate a safe runtime search path for target
[3.982s]   package_with_interfaces__rosidl_typesupport_introspection_c__pyext because
[3.982s]   files in some directories may conflict with libraries in implicit
[3.982s]   directories:
[3.982s] 
[3.982s]     runtime library [libpython3.10.so.1.0] in /usr/lib/x86_64-linux-gnu may be hidden by files in:
[3.982s]       /home/mscrobotics2425laptop14/miniconda3/envs/ros2/lib
[3.982s] 
[3.983s]   Some of these libraries may not be found correctly.
[3.983s] Call Stack (most recent call first):
[3.983s]   /opt/ros/humble/share/ament_cmake_core/cmake/core/ament_execute_extensions.cmake:48 (include)
[3.983s]   /opt/ros/humble/share/rosidl_cmake/cmake/rosidl_generate_interfaces.cmake:286 (ament_execute_extensions)
[3.983s]   CMakeLists.txt:21 (rosidl_generate_interfaces)
[3.983s] 
[3.983s] [0m
[3.985s] [33mCMake Warning at /opt/ros/humble/share/rosidl_generator_py/cmake/rosidl_generator_py_generate_interfaces.cmake:226 (add_library):
[3.985s]   Cannot generate a safe runtime search path for target
[3.985s]   package_with_interfaces__rosidl_typesupport_c__pyext because files in some
[3.985s]   directories may conflict with libraries in implicit directories:
[3.985s] 
[3.985s]     runtime library [libpython3.10.so.1.0] in /usr/lib/x86_64-linux-gnu may be hidden by files in:
[3.985s]       /home/mscrobotics2425laptop14/miniconda3/envs/ros2/lib
[3.985s] 
[3.985s]   Some of these libraries may not be found correctly.
[3.985s] Call Stack (most recent call first):
[3.986s]   /opt/ros/humble/share/ament_cmake_core/cmake/core/ament_execute_extensions.cmake:48 (include)
[3.986s]   /opt/ros/humble/share/rosidl_cmake/cmake/rosidl_generate_interfaces.cmake:286 (ament_execute_extensions)
[3.986s]   CMakeLists.txt:21 (rosidl_generate_interfaces)
[3.986s] 
[3.986s] [0m
[3.991s] -- Generating done
[3.994s] -- Build files have been written to: /home/mscrobotics2425laptop14/Desktop/project/team3/team3-project/build/package_with_interfaces
[4.001s] Invoked command in '/home/mscrobotics2425laptop14/Desktop/project/team3/team3-project/build/package_with_interfaces' returned '0': CMAKE_PREFIX_PATH=${CMAKE_PREFIX_PATH}:/home/mscrobotics2425laptop14/Desktop/project/team3/team3-project/install/robotic_arm:/home/mscrobotics2425laptop14/Desktop/project/team3/team3-project/install/nuc:/home/mscrobotics2425laptop14/Desktop/project/team3/team3-project/install/navigation:/home/mscrobotics2425laptop14/Desktop/project/team3/team3-project/install/map:/home/mscrobotics2425laptop14/Desktop/project/team3/team3-project/install/lidar:/home/mscrobotics2425laptop14/Desktop/project/team3/team3-project/install/leo_rover:/home/mscrobotics2425laptop14/Desktop/project/team3/team3-project/install/imu:/home/mscrobotics2425laptop14/Desktop/project/team3/team3-project/install/data_integration:/home/mscrobotics2425laptop14/Desktop/project/team3/team3-project/install/controller_server:/home/mscrobotics2425laptop14/Desktop/project/team3/team3-project/install/camera:/opt/ros/humble CONDA_PROMPT_MODIFIER=(ros2) /usr/bin/cmake /home/mscrobotics2425laptop14/Desktop/project/team3/team3-project/src/package_with_interfaces -DCMAKE_INSTALL_PREFIX=/home/mscrobotics2425laptop14/Desktop/project/team3/team3-project/install/package_with_interfaces
[4.003s] Invoking command in '/home/mscrobotics2425laptop14/Desktop/project/team3/team3-project/build/package_with_interfaces': CMAKE_PREFIX_PATH=${CMAKE_PREFIX_PATH}:/home/mscrobotics2425laptop14/Desktop/project/team3/team3-project/install/robotic_arm:/home/mscrobotics2425laptop14/Desktop/project/team3/team3-project/install/nuc:/home/mscrobotics2425laptop14/Desktop/project/team3/team3-project/install/navigation:/home/mscrobotics2425laptop14/Desktop/project/team3/team3-project/install/map:/home/mscrobotics2425laptop14/Desktop/project/team3/team3-project/install/lidar:/home/mscrobotics2425laptop14/Desktop/project/team3/team3-project/install/leo_rover:/home/mscrobotics2425laptop14/Desktop/project/team3/team3-project/install/imu:/home/mscrobotics2425laptop14/Desktop/project/team3/team3-project/install/data_integration:/home/mscrobotics2425laptop14/Desktop/project/team3/team3-project/install/controller_server:/home/mscrobotics2425laptop14/Desktop/project/team3/team3-project/install/camera:/opt/ros/humble CONDA_PROMPT_MODIFIER=(ros2) /usr/bin/cmake --build /home/mscrobotics2425laptop14/Desktop/project/team3/team3-project/build/package_with_interfaces -- -j12 -l12
[4.037s] [  3%] [34m[1mGenerating C code for ROS interfaces[0m
[4.046s] [  6%] [34m[1mGenerating C++ code for ROS interfaces[0m
[4.053s] [  6%] Built target ament_cmake_python_copy_package_with_interfaces
[4.080s] Traceback (most recent call last):
[4.080s]   File "/opt/ros/humble/share/rosidl_generator_c/cmake/../../../lib/rosidl_generator_c/rosidl_generator_c", line 8, in <module>
[4.080s]     from rosidl_generator_c import generate_c
[4.080s]   File "/opt/ros/humble/local/lib/python3.10/dist-packages/rosidl_generator_c/__init__.py", line 15, in <module>
[4.080s]     from rosidl_cmake import convert_camel_case_to_lower_case_underscore
[4.080s]   File "/opt/ros/humble/local/lib/python3.10/dist-packages/rosidl_cmake/__init__.py", line 24, in <module>
[4.080s]     from rosidl_parser.parser import parse_idl_file
[4.080s]   File "/opt/ros/humble/local/lib/python3.10/dist-packages/rosidl_parser/parser.py", line 20, in <module>
[4.080s]     from lark import Lark
[4.080s] ModuleNotFoundError: No module named 'lark'
[4.086s] gmake[2]: *** [CMakeFiles/package_with_interfaces__rosidl_generator_c.dir/build.make:149: rosidl_generator_c/package_with_interfaces/msg/target_block.h] Error 1
[4.086s] gmake[1]: *** [CMakeFiles/Makefile2:212: CMakeFiles/package_with_interfaces__rosidl_generator_c.dir/all] Error 2
[4.086s] gmake[1]: *** Waiting for unfinished jobs....
[4.104s] Traceback (most recent call last):
[4.104s]   File "/opt/ros/humble/share/rosidl_generator_cpp/cmake/../../../lib/rosidl_generator_cpp/rosidl_generator_cpp", line 8, in <module>
[4.104s]     from rosidl_generator_cpp import generate_cpp
[4.104s]   File "/opt/ros/humble/local/lib/python3.10/dist-packages/rosidl_generator_cpp/__init__.py", line 17, in <module>
[4.105s]     from rosidl_cmake import generate_files
[4.105s]   File "/opt/ros/humble/local/lib/python3.10/dist-packages/rosidl_cmake/__init__.py", line 24, in <module>
[4.105s]     from rosidl_parser.parser import parse_idl_file
[4.105s]   File "/opt/ros/humble/local/lib/python3.10/dist-packages/rosidl_parser/parser.py", line 20, in <module>
[4.105s]     from lark import Lark
[4.105s] ModuleNotFoundError: No module named 'lark'
[4.109s] gmake[2]: *** [CMakeFiles/package_with_interfaces__cpp.dir/build.make:153: rosidl_generator_cpp/package_with_interfaces/msg/target_block.hpp] Error 1
[4.109s] gmake[1]: *** [CMakeFiles/Makefile2:265: CMakeFiles/package_with_interfaces__cpp.dir/all] Error 2
[4.191s] running egg_info
[4.199s] creating package_with_interfaces.egg-info
[4.200s] writing package_with_interfaces.egg-info/PKG-INFO
[4.200s] writing dependency_links to package_with_interfaces.egg-info/dependency_links.txt
[4.200s] writing top-level names to package_with_interfaces.egg-info/top_level.txt
[4.200s] writing manifest file 'package_with_interfaces.egg-info/SOURCES.txt'
[4.226s] reading manifest file 'package_with_interfaces.egg-info/SOURCES.txt'
[4.227s] writing manifest file 'package_with_interfaces.egg-info/SOURCES.txt'
[4.254s] [  6%] Built target ament_cmake_python_build_package_with_interfaces_egg
[4.256s] gmake: *** [Makefile:146: all] Error 2
[4.259s] Invoked command in '/home/mscrobotics2425laptop14/Desktop/project/team3/team3-project/build/package_with_interfaces' returned '2': CMAKE_PREFIX_PATH=${CMAKE_PREFIX_PATH}:/home/mscrobotics2425laptop14/Desktop/project/team3/team3-project/install/robotic_arm:/home/mscrobotics2425laptop14/Desktop/project/team3/team3-project/install/nuc:/home/mscrobotics2425laptop14/Desktop/project/team3/team3-project/install/navigation:/home/mscrobotics2425laptop14/Desktop/project/team3/team3-project/install/map:/home/mscrobotics2425laptop14/Desktop/project/team3/team3-project/install/lidar:/home/mscrobotics2425laptop14/Desktop/project/team3/team3-project/install/leo_rover:/home/mscrobotics2425laptop14/Desktop/project/team3/team3-project/install/imu:/home/mscrobotics2425laptop14/Desktop/project/team3/team3-project/install/data_integration:/home/mscrobotics2425laptop14/Desktop/project/team3/team3-project/install/controller_server:/home/mscrobotics2425laptop14/Desktop/project/team3/team3-project/install/camera:/opt/ros/humble CONDA_PROMPT_MODIFIER=(ros2) /usr/bin/cmake --build /home/mscrobotics2425laptop14/Desktop/project/team3/team3-project/build/package_with_interfaces -- -j12 -l12
