[0.000000] (-) TimerEvent: {}
[0.000140] (camera) JobQueued: {'identifier': 'camera', 'dependencies': OrderedDict()}
[0.000176] (controller_server) JobQueued: {'identifier': 'controller_server', 'dependencies': OrderedDict()}
[0.000197] (data_integration) JobQueued: {'identifier': 'data_integration', 'dependencies': OrderedDict()}
[0.000262] (imu) JobQueued: {'identifier': 'imu', 'dependencies': OrderedDict()}
[0.000358] (leo_rover) JobQueued: {'identifier': 'leo_rover', 'dependencies': OrderedDict()}
[0.000735] (lidar) JobQueued: {'identifier': 'lidar', 'dependencies': OrderedDict()}
[0.000888] (map) JobQueued: {'identifier': 'map', 'dependencies': OrderedDict()}
[0.000909] (navigation) JobQueued: {'identifier': 'navigation', 'dependencies': OrderedDict()}
[0.000968] (nuc) JobQueued: {'identifier': 'nuc', 'dependencies': OrderedDict()}
[0.000991] (package_with_interfaces) JobQueued: {'identifier': 'package_with_interfaces', 'dependencies': OrderedDict()}
[0.001016] (robotic_arm) JobQueued: {'identifier': 'robotic_arm', 'dependencies': OrderedDict()}
[0.001033] (camera) JobStarted: {'identifier': 'camera'}
[0.005537] (controller_server) JobStarted: {'identifier': 'controller_server'}
[0.008796] (data_integration) JobStarted: {'identifier': 'data_integration'}
[0.011755] (imu) JobStarted: {'identifier': 'imu'}
[0.017041] (leo_rover) JobStarted: {'identifier': 'leo_rover'}
[0.020500] (lidar) JobStarted: {'identifier': 'lidar'}
[0.023878] (map) JobStarted: {'identifier': 'map'}
[0.027975] (navigation) JobStarted: {'identifier': 'navigation'}
[0.034417] (nuc) JobStarted: {'identifier': 'nuc'}
[0.040704] (package_with_interfaces) JobStarted: {'identifier': 'package_with_interfaces'}
[0.043825] (robotic_arm) JobStarted: {'identifier': 'robotic_arm'}
[0.099882] (-) TimerEvent: {}
[0.200187] (-) TimerEvent: {}
[0.300485] (-) TimerEvent: {}
[0.400868] (-) TimerEvent: {}
[0.501238] (-) TimerEvent: {}
[0.601592] (-) TimerEvent: {}
[0.702016] (-) TimerEvent: {}
[0.802316] (-) TimerEvent: {}
[0.902726] (-) TimerEvent: {}
[1.003030] (-) TimerEvent: {}
[1.103381] (-) TimerEvent: {}
[1.203724] (-) TimerEvent: {}
[1.304037] (-) TimerEvent: {}
[1.404381] (-) TimerEvent: {}
[1.504732] (-) TimerEvent: {}
[1.605068] (-) TimerEvent: {}
[1.642577] (package_with_interfaces) JobProgress: {'identifier': 'package_with_interfaces', 'progress': 'cmake'}
[1.642954] (package_with_interfaces) Command: {'cmd': ['/usr/bin/cmake', '/home/mscrobotics2425laptop14/Desktop/project/team3/team3-project/src/package_with_interfaces', '-DCMAKE_INSTALL_PREFIX=/home/mscrobotics2425laptop14/Desktop/project/team3/team3-project/install/package_with_interfaces'], 'cwd': '/home/mscrobotics2425laptop14/Desktop/project/team3/team3-project/build/package_with_interfaces', 'env': OrderedDict([('LESSOPEN', '| /usr/bin/lesspipe %s'), ('CONDA_PROMPT_MODIFIER', '(ros2)'), ('LANGUAGE', 'en_GB:en'), ('USER', 'mscrobotics2425laptop14'), ('LC_TIME', 'en_GB.UTF-8'), ('XDG_SESSION_TYPE', 'wayland'), ('SHLVL', '1'), ('LD_LIBRARY_PATH', '/opt/ros/humble/opt/rviz_ogre_vendor/lib:/opt/ros/humble/lib/x86_64-linux-gnu:/opt/ros/humble/lib'), ('HOME', '/home/mscrobotics2425laptop14'), ('CONDA_SHLVL', '2'), ('OLDPWD', '/home/mscrobotics2425laptop14/Desktop/project/team3/team3-project/src'), ('DESKTOP_SESSION', 'ubuntu'), ('NVM_BIN', '/home/mscrobotics2425laptop14/.nvm/versions/node/v20.17.0/bin'), ('NVM_INC', '/home/mscrobotics2425laptop14/.nvm/versions/node/v20.17.0/include/node'), ('ROS_PYTHON_VERSION', '3'), ('GNOME_SHELL_SESSION_MODE', 'ubuntu'), ('GTK_MODULES', 'gail:atk-bridge'), ('LC_MONETARY', 'en_GB.UTF-8'), ('DBUS_STARTER_BUS_TYPE', 'session'), ('SYSTEMD_EXEC_PID', '2072'), ('DBUS_SESSION_BUS_ADDRESS', 'unix:path=/run/user/1001/bus,guid=4db0821bbe7e951ad997da8f6796555c'), ('COLORTERM', 'truecolor'), ('_CE_M', ''), ('NVM_DIR', '/home/mscrobotics2425laptop14/.nvm'), ('IM_CONFIG_PHASE', '1'), ('WAYLAND_DISPLAY', 'wayland-0'), ('COLCON_PREFIX_PATH', '/home/mscrobotics2425laptop14/Desktop/project/team3/team3-project/install'), ('ROS_DISTRO', 'humble'), ('LOGNAME', 'mscrobotics2425laptop14'), ('_', '/usr/bin/colcon'), ('ROS_VERSION', '2'), ('XDG_SESSION_CLASS', 'user'), ('USERNAME', 'mscrobotics2425laptop14'), ('TERM', 'xterm-256color'), ('HOMEPAGE', 'https://www.atzlinux.com/'), ('GNOME_DESKTOP_SESSION_ID', 'this-is-deprecated'), ('_CE_CONDA', ''), ('ROS_LOCALHOST_ONLY', '0'), ('PATH', '/home/mscrobotics2425laptop14/miniconda3/envs/ros2/bin:/home/mscrobotics2425laptop14/miniconda3/condabin:/opt/ros/humble/bin:/home/mscrobotics2425laptop14/.nvm/versions/node/v20.17.0/bin:/home/mscrobotics2425laptop14/.local/bin:/home/mscrobotics2425laptop14/.local/bin:/usr/local/sbin:/usr/local/bin:/usr/sbin:/usr/bin:/sbin:/bin:/usr/games:/usr/local/games:/snap/bin:/snap/bin'), ('SESSION_MANAGER', 'local/e-10lux4295w2y:@/tmp/.ICE-unix/2072,unix/e-10lux4295w2y:/tmp/.ICE-unix/2072'), ('PAPERSIZE', 'a4'), ('XDG_MENU_PREFIX', 'gnome-'), ('LC_ADDRESS', 'en_GB.UTF-8'), ('GNOME_TERMINAL_SCREEN', '/org/gnome/Terminal/screen/1621b8fd_547c_4b50_a933_28f5c187351a'), ('GNOME_SETUP_DISPLAY', ':1'), ('XDG_RUNTIME_DIR', '/run/user/1001'), ('ZEITGEIST_DATA_PATH', '/home/mscrobotics2425laptop14/.local/share/zeitgeist'), ('DISPLAY', ':0'), ('LANG', 'en_GB.UTF-8'), ('XDG_CURRENT_DESKTOP', 'ubuntu:GNOME'), ('LC_TELEPHONE', 'en_GB.UTF-8'), ('CONDA_PREFIX_1', '/home/mscrobotics2425laptop14/miniconda3'), ('XMODIFIERS', '@im=ibus'), ('XDG_SESSION_DESKTOP', 'ubuntu'), ('XAUTHORITY', '/run/user/1001/.mutter-Xwaylandauth.Y0MV02'), ('LS_COLORS', 'rs=0:di=01;34:ln=01;36:mh=00:pi=40;33:so=01;35:do=01;35:bd=40;33;01:cd=40;33;01:or=40;31;01:mi=00:su=37;41:sg=30;43:ca=30;41:tw=30;42:ow=34;42:st=37;44:ex=01;32:*.tar=01;31:*.tgz=01;31:*.arc=01;31:*.arj=01;31:*.taz=01;31:*.lha=01;31:*.lz4=01;31:*.lzh=01;31:*.lzma=01;31:*.tlz=01;31:*.txz=01;31:*.tzo=01;31:*.t7z=01;31:*.zip=01;31:*.z=01;31:*.dz=01;31:*.gz=01;31:*.lrz=01;31:*.lz=01;31:*.lzo=01;31:*.xz=01;31:*.zst=01;31:*.tzst=01;31:*.bz2=01;31:*.bz=01;31:*.tbz=01;31:*.tbz2=01;31:*.tz=01;31:*.deb=01;31:*.rpm=01;31:*.jar=01;31:*.war=01;31:*.ear=01;31:*.sar=01;31:*.rar=01;31:*.alz=01;31:*.ace=01;31:*.zoo=01;31:*.cpio=01;31:*.7z=01;31:*.rz=01;31:*.cab=01;31:*.wim=01;31:*.swm=01;31:*.dwm=01;31:*.esd=01;31:*.jpg=01;35:*.jpeg=01;35:*.mjpg=01;35:*.mjpeg=01;35:*.gif=01;35:*.bmp=01;35:*.pbm=01;35:*.pgm=01;35:*.ppm=01;35:*.tga=01;35:*.xbm=01;35:*.xpm=01;35:*.tif=01;35:*.tiff=01;35:*.png=01;35:*.svg=01;35:*.svgz=01;35:*.mng=01;35:*.pcx=01;35:*.mov=01;35:*.mpg=01;35:*.mpeg=01;35:*.m2v=01;35:*.mkv=01;35:*.webm=01;35:*.webp=01;35:*.ogm=01;35:*.mp4=01;35:*.m4v=01;35:*.mp4v=01;35:*.vob=01;35:*.qt=01;35:*.nuv=01;35:*.wmv=01;35:*.asf=01;35:*.rm=01;35:*.rmvb=01;35:*.flc=01;35:*.avi=01;35:*.fli=01;35:*.flv=01;35:*.gl=01;35:*.dl=01;35:*.xcf=01;35:*.xwd=01;35:*.yuv=01;35:*.cgm=01;35:*.emf=01;35:*.ogv=01;35:*.ogx=01;35:*.aac=00;36:*.au=00;36:*.flac=00;36:*.m4a=00;36:*.mid=00;36:*.midi=00;36:*.mka=00;36:*.mp3=00;36:*.mpc=00;36:*.ogg=00;36:*.ra=00;36:*.wav=00;36:*.oga=00;36:*.opus=00;36:*.spx=00;36:*.xspf=00;36:'), ('GNOME_TERMINAL_SERVICE', ':1.4493'), ('SSH_AGENT_LAUNCHER', 'gnome-keyring'), ('SSH_AUTH_SOCK', '/run/user/1001/keyring/ssh'), ('AMENT_PREFIX_PATH', '/home/mscrobotics2425laptop14/Desktop/project/team3/team3-project/install/rplidar_ros:/home/mscrobotics2425laptop14/Desktop/project/team3/team3-project/install/robotic_arm:/home/mscrobotics2425laptop14/Desktop/project/team3/team3-project/install/nuc:/home/mscrobotics2425laptop14/Desktop/project/team3/team3-project/install/navigation:/home/mscrobotics2425laptop14/Desktop/project/team3/team3-project/install/map:/home/mscrobotics2425laptop14/Desktop/project/team3/team3-project/install/lidar:/home/mscrobotics2425laptop14/Desktop/project/team3/team3-project/install/leo_rover:/home/mscrobotics2425laptop14/Desktop/project/team3/team3-project/install/imu:/home/mscrobotics2425laptop14/Desktop/project/team3/team3-project/install/data_integration:/home/mscrobotics2425laptop14/Desktop/project/team3/team3-project/install/controller_server:/home/mscrobotics2425laptop14/Desktop/project/team3/team3-project/install/camera:/opt/ros/humble'), ('CONDA_PYTHON_EXE', '/home/mscrobotics2425laptop14/miniconda3/bin/python'), ('SHELL', '/bin/bash'), ('LC_NAME', 'en_GB.UTF-8'), ('QT_ACCESSIBILITY', '1'), ('GDMSESSION', 'ubuntu'), ('LESSCLOSE', '/usr/bin/lesspipe %s %s'), ('CONDA_DEFAULT_ENV', 'ros2'), ('LC_MEASUREMENT', 'en_GB.UTF-8'), ('LC_IDENTIFICATION', 'en_GB.UTF-8'), ('QT_IM_MODULE', 'ibus'), ('PWD', '/home/mscrobotics2425laptop14/Desktop/project/team3/team3-project/build/package_with_interfaces'), ('XDG_CONFIG_DIRS', '/etc/xdg/xdg-ubuntu:/etc/xdg'), ('CONDA_EXE', '/home/mscrobotics2425laptop14/miniconda3/bin/conda'), ('NVM_CD_FLAGS', ''), ('DBUS_STARTER_ADDRESS', 'unix:path=/run/user/1001/bus,guid=4db0821bbe7e951ad997da8f6796555c'), ('XDG_DATA_DIRS', '/usr/share/ubuntu:/usr/local/share/:/usr/share/:/var/lib/snapd/desktop'), ('PYTHONPATH', '/home/mscrobotics2425laptop14/Desktop/project/team3/team3-project/install/robotic_arm/lib/python3.10/site-packages:/home/mscrobotics2425laptop14/Desktop/project/team3/team3-project/install/nuc/lib/python3.10/site-packages:/home/mscrobotics2425laptop14/Desktop/project/team3/team3-project/install/navigation/lib/python3.10/site-packages:/home/mscrobotics2425laptop14/Desktop/project/team3/team3-project/install/map/lib/python3.10/site-packages:/home/mscrobotics2425laptop14/Desktop/project/team3/team3-project/install/lidar/lib/python3.10/site-packages:/home/mscrobotics2425laptop14/Desktop/project/team3/team3-project/install/leo_rover/lib/python3.10/site-packages:/home/mscrobotics2425laptop14/Desktop/project/team3/team3-project/install/imu/lib/python3.10/site-packages:/home/mscrobotics2425laptop14/Desktop/project/team3/team3-project/install/data_integration/lib/python3.10/site-packages:/home/mscrobotics2425laptop14/Desktop/project/team3/team3-project/install/controller_server/lib/python3.10/site-packages:/home/mscrobotics2425laptop14/Desktop/project/team3/team3-project/install/camera/lib/python3.10/site-packages:/opt/ros/humble/lib/python3.10/site-packages:/opt/ros/humble/local/lib/python3.10/dist-packages'), ('LC_NUMERIC', 'en_GB.UTF-8'), ('CONDA_PREFIX', '/home/mscrobotics2425laptop14/miniconda3/envs/ros2'), ('LC_PAPER', 'en_GB.UTF-8'), ('COLCON', '1'), ('VTE_VERSION', '6800'), ('CMAKE_PREFIX_PATH', '/home/mscrobotics2425laptop14/Desktop/project/team3/team3-project/install/rplidar_ros:/home/mscrobotics2425laptop14/Desktop/project/team3/team3-project/install/robotic_arm:/home/mscrobotics2425laptop14/Desktop/project/team3/team3-project/install/nuc:/home/mscrobotics2425laptop14/Desktop/project/team3/team3-project/install/navigation:/home/mscrobotics2425laptop14/Desktop/project/team3/team3-project/install/map:/home/mscrobotics2425laptop14/Desktop/project/team3/team3-project/install/lidar:/home/mscrobotics2425laptop14/Desktop/project/team3/team3-project/install/leo_rover:/home/mscrobotics2425laptop14/Desktop/project/team3/team3-project/install/imu:/home/mscrobotics2425laptop14/Desktop/project/team3/team3-project/install/data_integration:/home/mscrobotics2425laptop14/Desktop/project/team3/team3-project/install/controller_server:/home/mscrobotics2425laptop14/Desktop/project/team3/team3-project/install/camera:/opt/ros/humble')]), 'shell': False}
[1.654304] (package_with_interfaces) StdoutLine: {'line': b'-- Found ament_cmake: 1.3.10 (/opt/ros/humble/share/ament_cmake/cmake)\n'}
[1.705165] (-) TimerEvent: {}
[1.767783] (package_with_interfaces) StdoutLine: {'line': b'-- Found geometry_msgs: 4.2.4 (/opt/ros/humble/share/geometry_msgs/cmake)\n'}
[1.793970] (package_with_interfaces) StdoutLine: {'line': b'-- Found rosidl_generator_c: 3.1.5 (/opt/ros/humble/share/rosidl_generator_c/cmake)\n'}
[1.796821] (package_with_interfaces) StdoutLine: {'line': b'-- Found rosidl_adapter: 3.1.5 (/opt/ros/humble/share/rosidl_adapter/cmake)\n'}
[1.803083] (package_with_interfaces) StdoutLine: {'line': b'-- Found rosidl_generator_cpp: 3.1.5 (/opt/ros/humble/share/rosidl_generator_cpp/cmake)\n'}
[1.805230] (-) TimerEvent: {}
[1.813526] (package_with_interfaces) StdoutLine: {'line': b'-- Using all available rosidl_typesupport_c: rosidl_typesupport_fastrtps_c;rosidl_typesupport_introspection_c\n'}
[1.823479] (package_with_interfaces) StdoutLine: {'line': b'-- Using all available rosidl_typesupport_cpp: rosidl_typesupport_fastrtps_cpp;rosidl_typesupport_introspection_cpp\n'}
[1.855627] (package_with_interfaces) StdoutLine: {'line': b'-- Found rosidl_default_generators: 1.2.0 (/opt/ros/humble/share/rosidl_default_generators/cmake)\n'}
[1.908949] (-) TimerEvent: {}
[2.011948] (-) TimerEvent: {}
[2.041723] (package_with_interfaces) StdoutLine: {'line': b'-- Configuring incomplete, errors occurred!\n'}
[2.042385] (package_with_interfaces) StdoutLine: {'line': b'See also "/home/mscrobotics2425laptop14/Desktop/project/team3/team3-project/build/package_with_interfaces/CMakeFiles/CMakeOutput.log".\n'}
[2.042568] (package_with_interfaces) StderrLine: {'line': b'\x1b[31mCMake Error at /opt/ros/humble/share/rosidl_adapter/cmake/rosidl_adapt_interfaces.cmake:59 (message):\n'}
[2.042763] (package_with_interfaces) StderrLine: {'line': b'  \n'}
[2.042924] (package_with_interfaces) StderrLine: {'line': b'  execute_process(/home/mscrobotics2425laptop14/miniconda3/envs/ros2/bin/python3\n'}
[2.043075] (package_with_interfaces) StderrLine: {'line': b'  -m rosidl_adapter --package-name package_with_interfaces --arguments-file\n'}
[2.043201] (package_with_interfaces) StderrLine: {'line': b'  /home/mscrobotics2425laptop14/Desktop/project/team3/team3-project/build/package_with_interfaces/rosidl_adapter__arguments__package_with_interfaces.json\n'}
[2.043328] (package_with_interfaces) StderrLine: {'line': b'  --output-dir\n'}
[2.043452] (package_with_interfaces) StderrLine: {'line': b'  /home/mscrobotics2425laptop14/Desktop/project/team3/team3-project/build/package_with_interfaces/rosidl_adapter/package_with_interfaces\n'}
[2.043575] (package_with_interfaces) StderrLine: {'line': b'  --output-file\n'}
[2.043693] (package_with_interfaces) StderrLine: {'line': b'  /home/mscrobotics2425laptop14/Desktop/project/team3/team3-project/build/package_with_interfaces/rosidl_adapter/package_with_interfaces.idls)\n'}
[2.043810] (package_with_interfaces) StderrLine: {'line': b'  returned error code 1:\n'}
[2.043953] (package_with_interfaces) StderrLine: {'line': b'\n'}
[2.044076] (package_with_interfaces) StderrLine: {'line': b"  AttributeError processing template 'msg.idl.em'\n"}
[2.044191] (package_with_interfaces) StderrLine: {'line': b'\n'}
[2.044308] (package_with_interfaces) StderrLine: {'line': b'  Traceback (most recent call last):\n'}
[2.044529] (package_with_interfaces) StderrLine: {'line': b'\n'}
[2.044656] (package_with_interfaces) StderrLine: {'line': b'    File "/opt/ros/humble/local/lib/python3.10/dist-packages/rosidl_adapter/resource/__init__.py", line 51, in evaluate_template\n'}
[2.044775] (package_with_interfaces) StderrLine: {'line': b'      em.BUFFERED_OPT: True,\n'}
[2.044922] (package_with_interfaces) StderrLine: {'line': b'\n'}
[2.045048] (package_with_interfaces) StderrLine: {'line': b"  AttributeError: module 'em' has no attribute 'BUFFERED_OPT'\n"}
[2.045165] (package_with_interfaces) StderrLine: {'line': b'\n'}
[2.045276] (package_with_interfaces) StderrLine: {'line': b'  \n'}
[2.045385] (package_with_interfaces) StderrLine: {'line': b'\n'}
[2.045495] (package_with_interfaces) StderrLine: {'line': b'  During handling of the above exception, another exception occurred:\n'}
[2.045607] (package_with_interfaces) StderrLine: {'line': b'\n'}
[2.045718] (package_with_interfaces) StderrLine: {'line': b'  \n'}
[2.045829] (package_with_interfaces) StderrLine: {'line': b'\n'}
[2.045965] (package_with_interfaces) StderrLine: {'line': b'  Traceback (most recent call last):\n'}
[2.046088] (package_with_interfaces) StderrLine: {'line': b'\n'}
[2.046204] (package_with_interfaces) StderrLine: {'line': b'    File "/home/mscrobotics2425laptop14/miniconda3/envs/ros2/lib/python3.10/runpy.py", line 196, in _run_module_as_main\n'}
[2.046324] (package_with_interfaces) StderrLine: {'line': b'      return _run_code(code, main_globals, None,\n'}
[2.046441] (package_with_interfaces) StderrLine: {'line': b'    File "/home/mscrobotics2425laptop14/miniconda3/envs/ros2/lib/python3.10/runpy.py", line 86, in _run_code\n'}
[2.046581] (package_with_interfaces) StderrLine: {'line': b'      exec(code, run_globals)\n'}
[2.046701] (package_with_interfaces) StderrLine: {'line': b'    File "/opt/ros/humble/local/lib/python3.10/dist-packages/rosidl_adapter/__main__.py", line 19, in <module>\n'}
[2.046849] (package_with_interfaces) StderrLine: {'line': b'      sys.exit(main())\n'}
[2.046995] (package_with_interfaces) StderrLine: {'line': b'    File "/opt/ros/humble/local/lib/python3.10/dist-packages/rosidl_adapter/main.py", line 53, in main\n'}
[2.050897] (package_with_interfaces) StderrLine: {'line': b'      abs_idl_file = convert_to_idl(\n'}
[2.051200] (package_with_interfaces) StderrLine: {'line': b'    File "/opt/ros/humble/local/lib/python3.10/dist-packages/rosidl_adapter/__init__.py", line 19, in convert_to_idl\n'}
[2.051329] (package_with_interfaces) StderrLine: {'line': b'      return convert_msg_to_idl(\n'}
[2.051444] (package_with_interfaces) StderrLine: {'line': b'    File "/opt/ros/humble/local/lib/python3.10/dist-packages/rosidl_adapter/msg/__init__.py", line 39, in convert_msg_to_idl\n'}
[2.051563] (package_with_interfaces) StderrLine: {'line': b"      expand_template('msg.idl.em', data, output_file, encoding='iso-8859-1')\n"}
[2.051678] (package_with_interfaces) StderrLine: {'line': b'    File "/opt/ros/humble/local/lib/python3.10/dist-packages/rosidl_adapter/resource/__init__.py", line 23, in expand_template\n'}
[2.051791] (package_with_interfaces) StderrLine: {'line': b'      content = evaluate_template(template_name, data)\n'}
[2.051917] (package_with_interfaces) StderrLine: {'line': b'    File "/opt/ros/humble/local/lib/python3.10/dist-packages/rosidl_adapter/resource/__init__.py", line 69, in evaluate_template\n'}
[2.052037] (package_with_interfaces) StderrLine: {'line': b'      _interpreter.shutdown()\n'}
[2.052150] (package_with_interfaces) StderrLine: {'line': b'\n'}
[2.052263] (package_with_interfaces) StderrLine: {'line': b"  AttributeError: 'NoneType' object has no attribute 'shutdown'\n"}
[2.052381] (package_with_interfaces) StderrLine: {'line': b'\n'}
[2.052496] (package_with_interfaces) StderrLine: {'line': b'Call Stack (most recent call first):\n'}
[2.052612] (package_with_interfaces) StderrLine: {'line': b'  /opt/ros/humble/share/rosidl_cmake/cmake/rosidl_generate_interfaces.cmake:130 (rosidl_adapt_interfaces)\n'}
[2.052728] (package_with_interfaces) StderrLine: {'line': b'  CMakeLists.txt:21 (rosidl_generate_interfaces)\n'}
[2.052840] (package_with_interfaces) StderrLine: {'line': b'\n'}
[2.054583] (package_with_interfaces) StderrLine: {'line': b'\x1b[0m\n'}
[2.056316] (package_with_interfaces) CommandEnded: {'returncode': 1}
[2.098681] (package_with_interfaces) JobEnded: {'identifier': 'package_with_interfaces', 'rc': 1}
[2.112609] (-) TimerEvent: {}
[2.213040] (-) TimerEvent: {}
[2.313940] (-) TimerEvent: {}
[2.414654] (-) TimerEvent: {}
[2.422899] (data_integration) JobEnded: {'identifier': 'data_integration', 'rc': 'SIGINT'}
[2.478424] (map) JobEnded: {'identifier': 'map', 'rc': 'SIGINT'}
[2.479254] (navigation) JobEnded: {'identifier': 'navigation', 'rc': 'SIGINT'}
[2.514802] (-) TimerEvent: {}
[2.581728] (imu) JobEnded: {'identifier': 'imu', 'rc': 'SIGINT'}
[2.597946] (leo_rover) JobEnded: {'identifier': 'leo_rover', 'rc': 'SIGINT'}
[2.614990] (-) TimerEvent: {}
[2.644762] (controller_server) JobEnded: {'identifier': 'controller_server', 'rc': 'SIGINT'}
[2.656121] (camera) JobEnded: {'identifier': 'camera', 'rc': 'SIGINT'}
[2.660500] (lidar) JobEnded: {'identifier': 'lidar', 'rc': 'SIGINT'}
[2.675716] (robotic_arm) JobEnded: {'identifier': 'robotic_arm', 'rc': 'SIGINT'}
[2.676271] (nuc) JobEnded: {'identifier': 'nuc', 'rc': 'SIGINT'}
[2.686241] (-) EventReactorShutdown: {}
